2025-12-08 12:11:43,310 - Initializing Experiment: EXP_001_Combined_Data
2025-12-08 12:11:43,314 - Use pytorch device_name: cpu
2025-12-08 12:11:43,314 - Load pretrained SentenceTransformer: all-MiniLM-L6-v2
2025-12-08 12:11:47,637 - Xet Storage is enabled for this repo, but the 'hf_xet' package is not installed. Falling back to regular HTTP download. For better performance, install the package with: `pip install huggingface_hub[hf_xet]` or `pip install hf_xet`
2025-12-08 12:11:59,135 - Loading data from: d:\AI_project\ai_sem_proj_semeval-2026-task-4-baselines\data\processed\combined_synthetic_for_training.jsonl
2025-12-08 12:11:59,257 - Loading data from: D:\AI_project\ai_sem_proj_semeval-2026-task-4-baselines\data\processed\augmented_synthetic_500.jsonl
2025-12-08 12:11:59,265 - TOTAL DATASET SIZE: 2397 ranking triplets, 4794 classification pairs.
2025-12-08 12:11:59,267 - Softmax loss: #Vectors concatenated: 3
2025-12-08 12:11:59,268 - Starting training...
2025-12-08 12:14:30,813 - Initializing Experiment: EXP_001_Combined_Data
2025-12-08 12:14:30,818 - Use pytorch device_name: cpu
2025-12-08 12:14:30,819 - Load pretrained SentenceTransformer: all-MiniLM-L6-v2
2025-12-08 12:14:37,356 - Loading data from: d:\AI_project\ai_sem_proj_semeval-2026-task-4-baselines\data\processed\combined_synthetic_for_training.jsonl
2025-12-08 12:14:37,465 - Loading data from: D:\AI_project\ai_sem_proj_semeval-2026-task-4-baselines\data\processed\augmented_synthetic_500.jsonl
2025-12-08 12:14:37,473 - TOTAL DATASET SIZE: 2397 ranking triplets, 4794 classification pairs.
2025-12-08 12:14:37,474 - Softmax loss: #Vectors concatenated: 3
2025-12-08 12:14:37,476 - Starting training...
2025-12-08 12:17:49,608 - Initializing Experiment: EXP_001_Combined_Data
2025-12-08 12:17:49,614 - Use pytorch device_name: cpu
2025-12-08 12:17:49,614 - Load pretrained SentenceTransformer: all-MiniLM-L6-v2
2025-12-08 12:17:54,810 - Loading data from: d:\AI_project\ai_sem_proj_semeval-2026-task-4-baselines\data\processed\combined_synthetic_for_training.jsonl
2025-12-08 12:17:54,931 - Loading data from: D:\AI_project\ai_sem_proj_semeval-2026-task-4-baselines\data\processed\augmented_synthetic_500.jsonl
2025-12-08 12:17:54,939 - TOTAL DATASET SIZE: 2397 ranking triplets, 4794 classification pairs.
2025-12-08 12:17:54,940 - Softmax loss: #Vectors concatenated: 3
2025-12-08 12:17:54,941 - Starting training...
2025-12-08 12:31:10,871 - GPU Available: NVIDIA GeForce RTX 3060 Laptop GPU
2025-12-08 12:31:10,873 - CUDA Version: 11.8
2025-12-08 12:31:10,873 - Number of GPUs: 1
2025-12-08 12:31:10,873 - GPU Memory: 6.00 GB
2025-12-08 12:31:10,873 - Initializing Experiment: EXP_001_Combined_Data
2025-12-08 12:31:10,876 - Load pretrained SentenceTransformer: all-MiniLM-L6-v2
2025-12-08 12:31:17,494 - Model loaded on device: cuda
2025-12-08 12:31:17,496 - Loading data from: d:\AI_project\ai_sem_proj_semeval-2026-task-4-baselines\data\processed\combined_synthetic_for_training.jsonl
2025-12-08 12:31:17,543 - Loading data from: D:\AI_project\ai_sem_proj_semeval-2026-task-4-baselines\data\processed\augmented_synthetic_500.jsonl
2025-12-08 12:31:17,547 - TOTAL DATASET SIZE: 2397 ranking triplets, 4794 classification pairs.
2025-12-08 12:31:17,547 - Softmax loss: #Vectors concatenated: 3
2025-12-08 12:31:17,580 - Starting training...
2025-12-08 12:31:17,581 - Batch Size: 32
2025-12-08 12:31:17,581 - Epochs: 4
2025-12-08 12:36:23,555 - Save model to d:\AI_project\ai_sem_proj_semeval-2026-task-4-baselines\assignments\assignment_3\src\experiments\EXP_001_Combined_Data
2025-12-08 12:36:24,980 - Experiment complete. Model artifacts saved to d:\AI_project\ai_sem_proj_semeval-2026-task-4-baselines\assignments\assignment_3\src\experiments\EXP_001_Combined_Data
2025-12-08 16:03:54,587 - GPU Available: NVIDIA GeForce RTX 3060 Laptop GPU
2025-12-08 16:03:54,587 - CUDA Version: 11.8
2025-12-08 16:03:54,587 - Number of GPUs: 1
2025-12-08 16:03:54,587 - GPU Memory: 6.00 GB
2025-12-08 16:03:54,588 - Initializing Experiment: EXP_001_Combined_Data
2025-12-08 16:03:54,591 - Load pretrained SentenceTransformer: all-MiniLM-L6-v2
2025-12-08 16:03:59,802 - Model loaded on device: cuda
2025-12-08 16:03:59,802 - Loading data from: d:\AI_project\ai_sem_proj_semeval-2026-task-4-baselines\data\processed\combined_synthetic_for_training.jsonl
2025-12-08 16:03:59,879 - Loading data from: D:\AI_project\ai_sem_proj_semeval-2026-task-4-baselines\data\processed\augmented_synthetic_500.jsonl
2025-12-08 16:03:59,883 - TOTAL DATASET SIZE: 2397 ranking triplets, 4794 classification pairs.
2025-12-08 16:03:59,884 - Softmax loss: #Vectors concatenated: 3
2025-12-08 16:03:59,931 - Starting training...
2025-12-08 16:03:59,932 - Batch Size: 32
2025-12-08 16:03:59,932 - Epochs: 4
2025-12-08 16:03:59,933 - Experiment tracker initialized. Metrics file: d:\AI_project\ai_sem_proj_semeval-2026-task-4-baselines\assignments\assignment_3\src\experiments\EXP_001_Combined_Data\training_metrics.csv
2025-12-08 16:03:59,933 - Total training steps: 896
2025-12-08 16:03:59,933 - Steps per epoch: 224
2025-12-08 16:06:47,710 - GPU Available: NVIDIA GeForce RTX 3060 Laptop GPU
2025-12-08 16:06:47,711 - CUDA Version: 11.8
2025-12-08 16:06:47,711 - Number of GPUs: 1
2025-12-08 16:06:47,711 - GPU Memory: 6.00 GB
2025-12-08 16:06:47,711 - Initializing Experiment: EXP_001_Combined_Data
2025-12-08 16:06:47,714 - Load pretrained SentenceTransformer: all-MiniLM-L6-v2
2025-12-08 16:06:56,729 - Model loaded on device: cuda
2025-12-08 16:06:56,729 - Loading data from: d:\AI_project\ai_sem_proj_semeval-2026-task-4-baselines\data\processed\combined_synthetic_for_training.jsonl
2025-12-08 16:06:56,823 - Loading data from: D:\AI_project\ai_sem_proj_semeval-2026-task-4-baselines\data\processed\augmented_synthetic_500.jsonl
2025-12-08 16:06:56,833 - TOTAL DATASET SIZE: 2397 ranking triplets, 4794 classification pairs.
2025-12-08 16:06:56,833 - Softmax loss: #Vectors concatenated: 3
2025-12-08 16:06:56,879 - Starting training...
2025-12-08 16:06:56,881 - Batch Size: 32
2025-12-08 16:06:56,881 - Epochs: 4
2025-12-08 16:06:56,882 - Experiment tracker initialized. Metrics file: d:\AI_project\ai_sem_proj_semeval-2026-task-4-baselines\assignments\assignment_3\src\experiments\EXP_001_Combined_Data\training_metrics.csv
2025-12-08 16:06:56,882 - Total training steps: 896
2025-12-08 16:06:56,882 - Steps per epoch: 224
2025-12-08 16:13:57,553 - Save model to d:\AI_project\ai_sem_proj_semeval-2026-task-4-baselines\assignments\assignment_3\src\experiments\EXP_001_Combined_Data
2025-12-08 16:13:57,851 - Training complete. Model artifacts saved to d:\AI_project\ai_sem_proj_semeval-2026-task-4-baselines\assignments\assignment_3\src\experiments\EXP_001_Combined_Data
2025-12-08 16:13:57,851 - Generating training visualizations...
2025-12-08 16:13:57,851 - Creating training progress visualizations...
2025-12-08 16:13:58,045 - Generated loss tracking for 896 steps
2025-12-08 16:13:58,618 - Loss curves saved to: d:\AI_project\ai_sem_proj_semeval-2026-task-4-baselines\assignments\assignment_3\src\experiments\EXP_001_Combined_Data\loss_curves.png
2025-12-08 16:13:58,636 - Training summary saved to: d:\AI_project\ai_sem_proj_semeval-2026-task-4-baselines\assignments\assignment_3\src\experiments\EXP_001_Combined_Data\training_summary.csv
2025-12-08 16:13:58,871 - Training summary table saved to: d:\AI_project\ai_sem_proj_semeval-2026-task-4-baselines\assignments\assignment_3\src\experiments\EXP_001_Combined_Data\training_summary_table.png
